<?xml version="1.0" encoding="UTF-8"?><testsuite errors="0" failures="0" name="Login" skipped="0" tests="7" time="123.58" timestamp="2022-11-07 10:35:53"><testcase name="Login with null email and password"/><testcase name="Login with valid email and null password"/><testcase name="Login with null email and valid password"/><testcase name="Login with valid email and valid password"/><testcase name="Login with invalid email and null password"/><testcase name="Login with null email and invalid password"/><testcase name="Login with invalid email and invalid password"/></testsuite>